<?xml version="1.0" encoding="UTF-8"?>
<!-- Generated by org.testng.reporters.JUnitReportReporter -->
<testsuite hostname="Sid-PC" failures="0" tests="6" name="com.testng.examples.TestNGLifecycle" time="0.034" errors="0" timestamp="2024-05-21T09:01:47 IST" skipped="0">
  <testcase classname="com.testng.examples.TestNGLifecycle" name="myTest" time="0.005"/>
  <system-out/>
  <testcase classname="com.testng.examples.TestNGLifecycle" name="myTest" time="0.006"/>
  <system-out/>
  <testcase classname="com.testng.examples.TestNGLifecycle" name="myTest" time="0.014"/>
  <system-out/>
  <testcase classname="com.testng.examples.TestNGLifecycle" name="myTest" time="0.003"/>
  <system-out/>
  <testcase classname="com.testng.examples.TestNGLifecycle" name="myTest" time="0.003"/>
  <system-out/>
  <testcase classname="com.testng.examples.TestNGLifecycle" name="myTest2" time="0.003"/>
  <system-out/>
</testsuite> <!-- com.testng.examples.TestNGLifecycle -->
