<?xml version="1.0" encoding="UTF-8"?>
<!-- Generated by org.testng.reporters.JUnitReportReporter -->
<testsuite hostname="Sid-PC" failures="0" tests="3" name="tests.LoginTest" time="23.805" errors="0" timestamp="2024-06-08T09:37:16 IST" skipped="0">
  <testcase classname="tests.LoginTest" name="LoginIntoPortal_valid_credentials" time="9.552"/>
  <testcase classname="tests.LoginTest" name="test" time="2.632"/>
  <testcase classname="tests.LoginTest" name="loginPortal_reset_function_test" time="11.621"/>
</testsuite> <!-- tests.LoginTest -->
