<?xml version="1.0" encoding="UTF-8"?>
<!-- Generated by org.testng.reporters.JUnitReportReporter -->
<testsuite hostname="Sid-PC" failures="0" tests="1" name="config.Hooks" time="4.769" errors="0" timestamp="2024-05-30T08:23:25 IST" skipped="0">
  <testcase classname="config.Hooks" name="test" time="4.769"/>
</testsuite> <!-- config.Hooks -->
