<?xml version="1.0" encoding="UTF-8"?>
<!-- Generated by org.testng.reporters.JUnitReportReporter -->
<testsuite hostname="Sid-PC" failures="0" tests="1" name="config.Hooks" time="4.168" errors="0" timestamp="2024-05-28T09:18:17 IST" skipped="0">
  <testcase classname="config.Hooks" name="test" time="4.168"/>
</testsuite> <!-- config.Hooks -->
