<?xml version="1.0" encoding="UTF-8"?>
<!-- Generated by org.testng.reporters.JUnitReportReporter -->
<testsuite hostname="Sid-PC" failures="0" tests="2" name="com.selenium.ui.interactions.WebTableTests" time="66.503" errors="0" timestamp="2024-05-23T08:47:19 IST" skipped="0">
  <testcase classname="com.selenium.ui.interactions.WebTableTests" name="discreetSearch" time="6.591"/>
  <system-out/>
  <testcase classname="com.selenium.ui.interactions.WebTableTests" name="webTableRead" time="59.912"/>
  <system-out/>
</testsuite> <!-- com.selenium.ui.interactions.WebTableTests -->
