<?xml version="1.0" encoding="UTF-8"?>
<!-- Generated by org.testng.reporters.JUnitReportReporter -->
<testsuite hostname="Sid-PC" failures="0" tests="1" name="com.selenium.ui.interactions.BrowserLaunchTest" time="5.039" errors="0" timestamp="2024-05-23T08:47:19 IST" skipped="0">
  <testcase classname="com.selenium.ui.interactions.BrowserLaunchTest" name="launchBrowserTest" time="5.039"/>
  <system-out/>
</testsuite> <!-- com.selenium.ui.interactions.BrowserLaunchTest -->
