<?xml version="1.0" encoding="UTF-8"?>
<!-- Generated by org.testng.reporters.JUnitReportReporter -->
<testsuite hostname="Sid-PC" failures="0" tests="2" name="com.testng.examples.TestNGLifecycle" time="0.014" errors="0" timestamp="2024-05-19T10:12:52 IST" skipped="0">
  <testcase classname="com.testng.examples.TestNGLifecycle" name="myTest" time="0.006"/>
  <system-out/>
  <testcase classname="com.testng.examples.TestNGLifecycle" name="myTest2" time="0.008"/>
  <system-out/>
</testsuite> <!-- com.testng.examples.TestNGLifecycle -->
